<?xml version="1.0" encoding="UTF-8" ?>
<testsuite tests="6" failures="0" name="ec.epn.edu.ParticipanteTest" time="0.406" errors="0" skipped="0">
  <properties>
[...]
</properties>
  <testcase classname="ec.epn.edu.ParticipanteTest" name="given_credentials_when_login_then_ok[0]" time="0.231"/>
  <testcase classname="ec.epn.edu.ParticipanteTest" name="given_credentials_when_login_then_ok[1]" time="0.034"/>
  <testcase classname="ec.epn.edu.ParticipanteTest" name="given_credentials_when_login_then_ok[2]" time="0.036"/>
  <testcase classname="ec.epn.edu.ParticipanteTest" name="given_credentials_when_login_then_ok[3]" time="0.034"/>
  <testcase classname="ec.epn.edu.ParticipanteTest" name="given_credentials_when_login_then_ok[4]" time="0.036"/>
  <testcase classname="ec.epn.edu.ParticipanteTest" name="given_credentials_when_login_then_ok[5]" time="0.035"/>
</testsuite>